{"total": {"lines":{"total":175,"covered":145,"skipped":0,"pct":82.85},"statements":{"total":194,"covered":159,"skipped":0,"pct":81.95},"functions":{"total":32,"covered":27,"skipped":0,"pct":84.37},"branches":{"total":78,"covered":57,"skipped":0,"pct":73.07},"branchesTrue":{"total":0,"covered":0,"skipped":0,"pct":100}}
,"/Users/kaisong/Documents/myProjects/Strava-for-climbing/api/src/middleware/errorHandler.ts": {"lines":{"total":22,"covered":9,"skipped":0,"pct":40.9},"functions":{"total":3,"covered":1,"skipped":0,"pct":33.33},"statements":{"total":23,"covered":9,"skipped":0,"pct":39.13},"branches":{"total":8,"covered":0,"skipped":0,"pct":0}}
,"/Users/kaisong/Documents/myProjects/Strava-for-climbing/api/src/services/ascentService.ts": {"lines":{"total":14,"covered":14,"skipped":0,"pct":100},"functions":{"total":3,"covered":3,"skipped":0,"pct":100},"statements":{"total":16,"covered":16,"skipped":0,"pct":100},"branches":{"total":8,"covered":7,"skipped":0,"pct":87.5}}
,"/Users/kaisong/Documents/myProjects/Strava-for-climbing/api/src/services/feedService.ts": {"lines":{"total":39,"covered":39,"skipped":0,"pct":100},"functions":{"total":7,"covered":7,"skipped":0,"pct":100},"statements":{"total":39,"covered":39,"skipped":0,"pct":100},"branches":{"total":27,"covered":22,"skipped":0,"pct":81.48}}
,"/Users/kaisong/Documents/myProjects/Strava-for-climbing/api/src/services/gymService.ts": {"lines":{"total":32,"covered":24,"skipped":0,"pct":75},"functions":{"total":6,"covered":4,"skipped":0,"pct":66.66},"statements":{"total":36,"covered":26,"skipped":0,"pct":72.22},"branches":{"total":16,"covered":11,"skipped":0,"pct":68.75}}
,"/Users/kaisong/Documents/myProjects/Strava-for-climbing/api/src/services/problemService.ts": {"lines":{"total":36,"covered":27,"skipped":0,"pct":75},"functions":{"total":9,"covered":8,"skipped":0,"pct":88.88},"statements":{"total":45,"covered":34,"skipped":0,"pct":75.55},"branches":{"total":12,"covered":10,"skipped":0,"pct":83.33}}
,"/Users/kaisong/Documents/myProjects/Strava-for-climbing/api/src/services/uploadService.ts": {"lines":{"total":28,"covered":28,"skipped":0,"pct":100},"functions":{"total":3,"covered":3,"skipped":0,"pct":100},"statements":{"total":31,"covered":31,"skipped":0,"pct":100},"branches":{"total":7,"covered":7,"skipped":0,"pct":100}}
,"/Users/kaisong/Documents/myProjects/Strava-for-climbing/api/src/test/dbMock.ts": {"lines":{"total":4,"covered":4,"skipped":0,"pct":100},"functions":{"total":1,"covered":1,"skipped":0,"pct":100},"statements":{"total":4,"covered":4,"skipped":0,"pct":100},"branches":{"total":0,"covered":0,"skipped":0,"pct":100}}
}
